1730090340.657160 client started (923): version 3.4, socket /tmp/tmux-1000/default, protocol 8
1730090340.657179 on Linux 5.15.153.1-microsoft-standard-WSL2 #1 SMP Fri Mar 29 23:14:13 UTC 2024
1730090340.657183 using libevent 2.1.12-stable poll
1730090340.657186 using ncurses 6.4 20240113
1730090340.657199 flags are 0x18010000
1730090340.657208 socket is /tmp/tmux-1000/default
1730090340.657217 trying connect
1730090340.657227 connect failed: Connection refused
1730090340.657234 lock file is /tmp/tmux-1000/default.lock
1730090340.657259 flock succeeded
1730090340.657263 got lock (6)
1730090340.657269 trying connect
1730090340.657275 connect failed: Connection refused
1730090340.657481 add peer 0x55b726d64110: 7 ((nil))
1730090340.657728 sending message 100 to peer 0x55b726d64110 (4 bytes)
1730090340.657734 sending message 111 to peer 0x55b726d64110 (8 bytes)
1730090340.657737 sending message 101 to peer 0x55b726d64110 (15 bytes)
1730090340.657740 sending message 109 to peer 0x55b726d64110 (4 bytes)
1730090340.657743 sending message 102 to peer 0x55b726d64110 (11 bytes)
1730090340.657747 sending message 108 to peer 0x55b726d64110 (21 bytes)
1730090340.657750 sending message 112 to peer 0x55b726d64110 (58 bytes)
1730090340.657753 sending message 112 to peer 0x55b726d64110 (5 bytes)
1730090340.657756 sending message 112 to peer 0x55b726d64110 (5 bytes)
1730090340.657759 sending message 112 to peer 0x55b726d64110 (6 bytes)
1730090340.657762 sending message 112 to peer 0x55b726d64110 (6 bytes)
1730090340.657766 sending message 112 to peer 0x55b726d64110 (11 bytes)
1730090340.657769 sending message 112 to peer 0x55b726d64110 (10 bytes)
1730090340.657772 sending message 112 to peer 0x55b726d64110 (13 bytes)
1730090340.657775 sending message 112 to peer 0x55b726d64110 (14 bytes)
1730090340.657778 sending message 112 to peer 0x55b726d64110 (19 bytes)
1730090340.657781 sending message 112 to peer 0x55b726d64110 (11 bytes)
1730090340.657784 sending message 112 to peer 0x55b726d64110 (10 bytes)
1730090340.657787 sending message 112 to peer 0x55b726d64110 (15 bytes)
1730090340.657790 sending message 112 to peer 0x55b726d64110 (21 bytes)
1730090340.657793 sending message 112 to peer 0x55b726d64110 (13 bytes)
1730090340.657796 sending message 112 to peer 0x55b726d64110 (7 bytes)
1730090340.657799 sending message 112 to peer 0x55b726d64110 (13 bytes)
1730090340.657802 sending message 112 to peer 0x55b726d64110 (7 bytes)
1730090340.657805 sending message 112 to peer 0x55b726d64110 (13 bytes)
1730090340.657808 sending message 112 to peer 0x55b726d64110 (9 bytes)
1730090340.657811 sending message 112 to peer 0x55b726d64110 (21 bytes)
1730090340.657814 sending message 112 to peer 0x55b726d64110 (13 bytes)
1730090340.657817 sending message 112 to peer 0x55b726d64110 (9 bytes)
1730090340.657820 sending message 112 to peer 0x55b726d64110 (16 bytes)
1730090340.657823 sending message 112 to peer 0x55b726d64110 (13 bytes)
1730090340.657826 sending message 112 to peer 0x55b726d64110 (9 bytes)
1730090340.657829 sending message 112 to peer 0x55b726d64110 (9 bytes)
1730090340.657832 sending message 112 to peer 0x55b726d64110 (12 bytes)
1730090340.657835 sending message 112 to peer 0x55b726d64110 (8 bytes)
1730090340.657838 sending message 112 to peer 0x55b726d64110 (8 bytes)
1730090340.657841 sending message 112 to peer 0x55b726d64110 (13 bytes)
1730090340.657844 sending message 112 to peer 0x55b726d64110 (7 bytes)
1730090340.657847 sending message 112 to peer 0x55b726d64110 (7 bytes)
1730090340.657850 sending message 112 to peer 0x55b726d64110 (9 bytes)
1730090340.657853 sending message 112 to peer 0x55b726d64110 (9 bytes)
1730090340.657856 sending message 112 to peer 0x55b726d64110 (15 bytes)
1730090340.657859 sending message 112 to peer 0x55b726d64110 (13 bytes)
1730090340.657862 sending message 112 to peer 0x55b726d64110 (12 bytes)
1730090340.657865 sending message 112 to peer 0x55b726d64110 (8 bytes)
1730090340.657868 sending message 112 to peer 0x55b726d64110 (14 bytes)
1730090340.657871 sending message 112 to peer 0x55b726d64110 (11 bytes)
1730090340.657874 sending message 112 to peer 0x55b726d64110 (9 bytes)
1730090340.657883 sending message 112 to peer 0x55b726d64110 (10 bytes)
1730090340.657887 sending message 112 to peer 0x55b726d64110 (10 bytes)
1730090340.657890 sending message 112 to peer 0x55b726d64110 (10 bytes)
1730090340.657893 sending message 112 to peer 0x55b726d64110 (10 bytes)
1730090340.657896 sending message 112 to peer 0x55b726d64110 (11 bytes)
1730090340.657899 sending message 112 to peer 0x55b726d64110 (12 bytes)
1730090340.657902 sending message 112 to peer 0x55b726d64110 (12 bytes)
1730090340.657904 sending message 112 to peer 0x55b726d64110 (12 bytes)
1730090340.657907 sending message 112 to peer 0x55b726d64110 (12 bytes)
1730090340.657910 sending message 112 to peer 0x55b726d64110 (12 bytes)
1730090340.657913 sending message 112 to peer 0x55b726d64110 (11 bytes)
1730090340.657916 sending message 112 to peer 0x55b726d64110 (11 bytes)
1730090340.657919 sending message 112 to peer 0x55b726d64110 (12 bytes)
1730090340.657922 sending message 112 to peer 0x55b726d64110 (12 bytes)
1730090340.657925 sending message 112 to peer 0x55b726d64110 (12 bytes)
1730090340.657928 sending message 112 to peer 0x55b726d64110 (12 bytes)
1730090340.657931 sending message 112 to peer 0x55b726d64110 (12 bytes)
1730090340.657934 sending message 112 to peer 0x55b726d64110 (9 bytes)
1730090340.657937 sending message 112 to peer 0x55b726d64110 (12 bytes)
1730090340.657940 sending message 112 to peer 0x55b726d64110 (13 bytes)
1730090340.657943 sending message 112 to peer 0x55b726d64110 (13 bytes)
1730090340.657946 sending message 112 to peer 0x55b726d64110 (13 bytes)
1730090340.657949 sending message 112 to peer 0x55b726d64110 (13 bytes)
1730090340.657952 sending message 112 to peer 0x55b726d64110 (13 bytes)
1730090340.657955 sending message 112 to peer 0x55b726d64110 (8 bytes)
1730090340.657958 sending message 112 to peer 0x55b726d64110 (11 bytes)
1730090340.657962 sending message 112 to peer 0x55b726d64110 (11 bytes)
1730090340.657965 sending message 112 to peer 0x55b726d64110 (11 bytes)
1730090340.657968 sending message 112 to peer 0x55b726d64110 (12 bytes)
1730090340.657971 sending message 112 to peer 0x55b726d64110 (12 bytes)
1730090340.657974 sending message 112 to peer 0x55b726d64110 (12 bytes)
1730090340.657977 sending message 112 to peer 0x55b726d64110 (12 bytes)
1730090340.657980 sending message 112 to peer 0x55b726d64110 (13 bytes)
1730090340.657983 sending message 112 to peer 0x55b726d64110 (13 bytes)
1730090340.657986 sending message 112 to peer 0x55b726d64110 (13 bytes)
1730090340.657989 sending message 112 to peer 0x55b726d64110 (8 bytes)
1730090340.657992 sending message 112 to peer 0x55b726d64110 (13 bytes)
1730090340.657995 sending message 112 to peer 0x55b726d64110 (13 bytes)
1730090340.657998 sending message 112 to peer 0x55b726d64110 (13 bytes)
1730090340.658001 sending message 112 to peer 0x55b726d64110 (13 bytes)
1730090340.658004 sending message 112 to peer 0x55b726d64110 (13 bytes)
1730090340.658007 sending message 112 to peer 0x55b726d64110 (12 bytes)
1730090340.658010 sending message 112 to peer 0x55b726d64110 (12 bytes)
1730090340.658013 sending message 112 to peer 0x55b726d64110 (12 bytes)
1730090340.658016 sending message 112 to peer 0x55b726d64110 (12 bytes)
1730090340.658019 sending message 112 to peer 0x55b726d64110 (13 bytes)
1730090340.658022 sending message 112 to peer 0x55b726d64110 (8 bytes)
1730090340.658025 sending message 112 to peer 0x55b726d64110 (13 bytes)
1730090340.658028 sending message 112 to peer 0x55b726d64110 (13 bytes)
1730090340.658031 sending message 112 to peer 0x55b726d64110 (13 bytes)
1730090340.658034 sending message 112 to peer 0x55b726d64110 (13 bytes)
1730090340.658037 sending message 112 to peer 0x55b726d64110 (13 bytes)
1730090340.658040 sending message 112 to peer 0x55b726d64110 (13 bytes)
1730090340.658043 sending message 112 to peer 0x55b726d64110 (13 bytes)
1730090340.658046 sending message 112 to peer 0x55b726d64110 (12 bytes)
1730090340.658049 sending message 112 to peer 0x55b726d64110 (12 bytes)
1730090340.658052 sending message 112 to peer 0x55b726d64110 (12 bytes)
1730090340.658057 sending message 112 to peer 0x55b726d64110 (8 bytes)
1730090340.658060 sending message 112 to peer 0x55b726d64110 (12 bytes)
1730090340.658063 sending message 112 to peer 0x55b726d64110 (13 bytes)
1730090340.658066 sending message 112 to peer 0x55b726d64110 (13 bytes)
1730090340.658069 sending message 112 to peer 0x55b726d64110 (13 bytes)
1730090340.658072 sending message 112 to peer 0x55b726d64110 (13 bytes)
1730090340.658075 sending message 112 to peer 0x55b726d64110 (13 bytes)
1730090340.658078 sending message 112 to peer 0x55b726d64110 (13 bytes)
1730090340.658081 sending message 112 to peer 0x55b726d64110 (13 bytes)
1730090340.658086 sending message 112 to peer 0x55b726d64110 (13 bytes)
1730090340.658091 sending message 112 to peer 0x55b726d64110 (12 bytes)
1730090340.658096 sending message 112 to peer 0x55b726d64110 (10 bytes)
1730090340.658101 sending message 112 to peer 0x55b726d64110 (12 bytes)
1730090340.658105 sending message 112 to peer 0x55b726d64110 (12 bytes)
1730090340.658109 sending message 112 to peer 0x55b726d64110 (12 bytes)
1730090340.658114 sending message 112 to peer 0x55b726d64110 (13 bytes)
1730090340.658119 sending message 112 to peer 0x55b726d64110 (13 bytes)
1730090340.658123 sending message 112 to peer 0x55b726d64110 (13 bytes)
1730090340.658141 sending message 112 to peer 0x55b726d64110 (13 bytes)
1730090340.658148 sending message 112 to peer 0x55b726d64110 (13 bytes)
1730090340.658154 sending message 112 to peer 0x55b726d64110 (13 bytes)
1730090340.658159 sending message 112 to peer 0x55b726d64110 (13 bytes)
1730090340.658164 sending message 112 to peer 0x55b726d64110 (10 bytes)
1730090340.658168 sending message 112 to peer 0x55b726d64110 (13 bytes)
1730090340.658171 sending message 112 to peer 0x55b726d64110 (12 bytes)
1730090340.658174 sending message 112 to peer 0x55b726d64110 (12 bytes)
1730090340.658177 sending message 112 to peer 0x55b726d64110 (12 bytes)
1730090340.658180 sending message 112 to peer 0x55b726d64110 (10 bytes)
1730090340.658183 sending message 112 to peer 0x55b726d64110 (10 bytes)
1730090340.658186 sending message 112 to peer 0x55b726d64110 (10 bytes)
1730090340.658189 sending message 112 to peer 0x55b726d64110 (12 bytes)
1730090340.658192 sending message 112 to peer 0x55b726d64110 (13 bytes)
1730090340.658195 sending message 112 to peer 0x55b726d64110 (13 bytes)
1730090340.658198 sending message 112 to peer 0x55b726d64110 (13 bytes)
1730090340.658201 sending message 112 to peer 0x55b726d64110 (13 bytes)
1730090340.658204 sending message 112 to peer 0x55b726d64110 (13 bytes)
1730090340.658207 sending message 112 to peer 0x55b726d64110 (10 bytes)
1730090340.658210 sending message 112 to peer 0x55b726d64110 (11 bytes)
1730090340.658213 sending message 112 to peer 0x55b726d64110 (12 bytes)
1730090340.658216 sending message 112 to peer 0x55b726d64110 (12 bytes)
1730090340.658219 sending message 112 to peer 0x55b726d64110 (12 bytes)
1730090340.658222 sending message 112 to peer 0x55b726d64110 (12 bytes)
1730090340.658225 sending message 112 to peer 0x55b726d64110 (12 bytes)
1730090340.658229 sending message 112 to peer 0x55b726d64110 (11 bytes)
1730090340.658232 sending message 112 to peer 0x55b726d64110 (12 bytes)
1730090340.658235 sending message 112 to peer 0x55b726d64110 (12 bytes)
1730090340.658238 sending message 112 to peer 0x55b726d64110 (13 bytes)
1730090340.658241 sending message 112 to peer 0x55b726d64110 (13 bytes)
1730090340.658244 sending message 112 to peer 0x55b726d64110 (13 bytes)
1730090340.658247 sending message 112 to peer 0x55b726d64110 (13 bytes)
1730090340.658250 sending message 112 to peer 0x55b726d64110 (13 bytes)
1730090340.658253 sending message 112 to peer 0x55b726d64110 (10 bytes)
1730090340.658256 sending message 112 to peer 0x55b726d64110 (9 bytes)
1730090340.658259 sending message 112 to peer 0x55b726d64110 (12 bytes)
1730090340.658262 sending message 112 to peer 0x55b726d64110 (13 bytes)
1730090340.658265 sending message 112 to peer 0x55b726d64110 (13 bytes)
1730090340.658273 sending message 112 to peer 0x55b726d64110 (13 bytes)
1730090340.658276 sending message 112 to peer 0x55b726d64110 (13 bytes)
1730090340.658279 sending message 112 to peer 0x55b726d64110 (13 bytes)
1730090340.658282 sending message 112 to peer 0x55b726d64110 (9 bytes)
1730090340.658285 sending message 112 to peer 0x55b726d64110 (12 bytes)
1730090340.658288 sending message 112 to peer 0x55b726d64110 (13 bytes)
1730090340.658291 sending message 112 to peer 0x55b726d64110 (13 bytes)
1730090340.658295 sending message 112 to peer 0x55b726d64110 (13 bytes)
1730090340.658298 sending message 112 to peer 0x55b726d64110 (13 bytes)
1730090340.658301 sending message 112 to peer 0x55b726d64110 (13 bytes)
1730090340.658304 sending message 112 to peer 0x55b726d64110 (11 bytes)
1730090340.658307 sending message 112 to peer 0x55b726d64110 (12 bytes)
1730090340.658310 sending message 112 to peer 0x55b726d64110 (13 bytes)
1730090340.658313 sending message 112 to peer 0x55b726d64110 (13 bytes)
1730090340.658316 sending message 112 to peer 0x55b726d64110 (13 bytes)
1730090340.658319 sending message 112 to peer 0x55b726d64110 (13 bytes)
1730090340.658322 sending message 112 to peer 0x55b726d64110 (13 bytes)
1730090340.658325 sending message 112 to peer 0x55b726d64110 (11 bytes)
1730090340.658328 sending message 112 to peer 0x55b726d64110 (12 bytes)
1730090340.658331 sending message 112 to peer 0x55b726d64110 (12 bytes)
1730090340.658334 sending message 112 to peer 0x55b726d64110 (12 bytes)
1730090340.658337 sending message 112 to peer 0x55b726d64110 (12 bytes)
1730090340.658340 sending message 112 to peer 0x55b726d64110 (12 bytes)
1730090340.658343 sending message 112 to peer 0x55b726d64110 (21 bytes)
1730090340.658346 sending message 112 to peer 0x55b726d64110 (12 bytes)
1730090340.658349 sending message 112 to peer 0x55b726d64110 (9 bytes)
1730090340.658353 sending message 112 to peer 0x55b726d64110 (6 bytes)
1730090340.658356 sending message 112 to peer 0x55b726d64110 (13 bytes)
1730090340.658359 sending message 112 to peer 0x55b726d64110 (10 bytes)
1730090340.658362 sending message 112 to peer 0x55b726d64110 (24 bytes)
1730090340.658365 sending message 112 to peer 0x55b726d64110 (13 bytes)
1730090340.658368 sending message 112 to peer 0x55b726d64110 (9 bytes)
1730090340.658371 sending message 112 to peer 0x55b726d64110 (70 bytes)
1730090340.658374 sending message 112 to peer 0x55b726d64110 (69 bytes)
1730090340.658377 sending message 112 to peer 0x55b726d64110 (12 bytes)
1730090340.658380 sending message 112 to peer 0x55b726d64110 (10 bytes)
1730090340.658383 sending message 112 to peer 0x55b726d64110 (10 bytes)
1730090340.658386 sending message 112 to peer 0x55b726d64110 (24 bytes)
1730090340.658389 sending message 112 to peer 0x55b726d64110 (13 bytes)
1730090340.658392 sending message 112 to peer 0x55b726d64110 (10 bytes)
1730090340.658396 sending message 112 to peer 0x55b726d64110 (10 bytes)
1730090340.658399 sending message 112 to peer 0x55b726d64110 (10 bytes)
1730090340.658402 sending message 112 to peer 0x55b726d64110 (13 bytes)
1730090340.658405 sending message 112 to peer 0x55b726d64110 (15 bytes)
1730090340.658408 sending message 112 to peer 0x55b726d64110 (5 bytes)
1730090340.658412 sending message 104 to peer 0x55b726d64110 (0 bytes)
1730090340.658416 sending message 110 to peer 0x55b726d64110 (0 bytes)
1730090340.658419 sending message 107 to peer 0x55b726d64110 (4 bytes)
1730090340.658422 sending message 105 to peer 0x55b726d64110 (16 bytes)
1730090340.658425 sending message 105 to peer 0x55b726d64110 (13 bytes)
1730090340.658429 sending message 105 to peer 0x55b726d64110 (772 bytes)
1730090340.658432 sending message 105 to peer 0x55b726d64110 (20 bytes)
1730090340.658435 sending message 105 to peer 0x55b726d64110 (32 bytes)
1730090340.658438 sending message 105 to peer 0x55b726d64110 (11 bytes)
1730090340.658441 sending message 105 to peer 0x55b726d64110 (26 bytes)
1730090340.658444 sending message 105 to peer 0x55b726d64110 (40 bytes)
1730090340.658447 sending message 105 to peer 0x55b726d64110 (24 bytes)
1730090340.658454 sending message 105 to peer 0x55b726d64110 (8 bytes)
1730090340.658457 sending message 105 to peer 0x55b726d64110 (33 bytes)
1730090340.658460 sending message 105 to peer 0x55b726d64110 (14 bytes)
1730090340.658463 sending message 105 to peer 0x55b726d64110 (20 bytes)
1730090340.658467 sending message 105 to peer 0x55b726d64110 (14 bytes)
1730090340.658470 sending message 105 to peer 0x55b726d64110 (17 bytes)
1730090340.658473 sending message 105 to peer 0x55b726d64110 (19 bytes)
1730090340.658476 sending message 105 to peer 0x55b726d64110 (23 bytes)
1730090340.658479 sending message 105 to peer 0x55b726d64110 (54 bytes)
1730090340.658482 sending message 105 to peer 0x55b726d64110 (8 bytes)
1730090340.658485 sending message 105 to peer 0x55b726d64110 (25 bytes)
1730090340.658488 sending message 105 to peer 0x55b726d64110 (22 bytes)
1730090340.658491 sending message 105 to peer 0x55b726d64110 (30 bytes)
1730090340.658494 sending message 105 to peer 0x55b726d64110 (11 bytes)
1730090340.658498 sending message 105 to peer 0x55b726d64110 (8 bytes)
1730090340.658501 sending message 105 to peer 0x55b726d64110 (32 bytes)
1730090340.658504 sending message 105 to peer 0x55b726d64110 (1817 bytes)
1730090340.658514 sending message 105 to peer 0x55b726d64110 (16 bytes)
1730090340.658517 sending message 106 to peer 0x55b726d64110 (0 bytes)
1730090340.658550 cmd_pack_argv: argv[0]=new-session
1730090340.658553 sending message 200 to peer 0x55b726d64110 (16 bytes)
1730090340.658556 client loop enter
1730090340.658567 client_signal: Child exited
1730090340.711526 peer 0x55b726d64110 message 207
1730090340.711535 sending message 208 to peer 0x55b726d64110 (0 bytes)
1730090918.983947 peer 0x55b726d64110 message 210
1730090918.983961 sending message 205 to peer 0x55b726d64110 (0 bytes)
1730090918.984181 peer 0x55b726d64110 message 204
1730090918.984189 client loop exit
